Backup My Apps/proguard.cfg
-optimizationpasses 5
-dontusemixedcaseclassnames
-dontskipnonpubliclibraryclasses
-dontpreverify
-verbose

-dontoptimize

-keep public class * extends android.app.Activity
-keep public class * extends android.app.Application
-keep public class * extends android.app.Service
-keep public class * extends android.content.BroadcastReceiver
-keep public class * extends android.content.ContentProvider
-keep public class com.android.vending.licensing.ILicensingService
-keep public class * extends org.apache.commons.logging.LogFactory

-dontwarn org.apache.commons.logging.LogFactory
-dontwarn org.apache.commons.codec.binary.Base64
-dontwarn org.apache.http.entity.mime.*
-dontwarn org.apache.http.entity.mime.content.*
-dontwarn net.jcip.annotations.NotThreadSafe
-dontwarn net.jcip.annotations.Immutable
-dontwarn net.jcip.annotations.ThreadSafe

-keepclasseswithmembernames class * {
	native <methods>;
}

-keepclasseswithmembernames class * {
	public <init>(android.content.Context, android.util.AttributeSet);
}

-keepclasseswithmembernames class * {
	public <init>(android.content.Context, android.util.AttributeSet, int);
}

-keepclassmembers enum * {
	public static **[] values();
	public static ** valueOf(java.lang.String);
}

-keep class * implements android.os.Parcelable {
	public static final android.os.Parcelable$Creator *;
}