Backup My Apps/proguard/seeds.txt
com.halcyonwaves.apps.backupmyapps.MainActivity
com.halcyonwaves.apps.backupmyapps.RestoreSelectFileActivity
com.halcyonwaves.apps.backupmyapps.RestoreSelectionActivity
com.halcyonwaves.apps.backupmyapps.SettingsActivity
com.halcyonwaves.apps.backupmyapps.BackupService
...
com.dropbox.client2.DropboxAPI$ThumbFormat: com.dropbox.client2.DropboxAPI$ThumbFormat[] values()
com.dropbox.client2.DropboxAPI$ThumbFormat: com.dropbox.client2.DropboxAPI$ThumbFormat valueOf(java.lang.String)
com.dropbox.client2.DropboxAPI$ThumbSize: com.dropbox.client2.DropboxAPI$ThumbSize[] values()
com.dropbox.client2.DropboxAPI$ThumbSize: com.dropbox.client2.DropboxAPI$ThumbSize valueOf(java.lang.String)
com.dropbox.client2.session.Session$AccessType: com.dropbox.client2.session.Session$AccessType[] values()
com.dropbox.client2.session.Session$AccessType: com.dropbox.client2.session.Session$AccessType valueOf(java.lang.String)
com.dropbox.client2.RESTUtility$RequestMethod: com.dropbox.client2.RESTUtility$RequestMethod[] values()
com.dropbox.client2.RESTUtility$RequestMethod: com.dropbox.client2.RESTUtility$RequestMethod valueOf(java.lang.String)
org.apache.http.entity.mime.HttpMultipartMode: org.apache.http.entity.mime.HttpMultipartMode[] values()
org.apache.http.entity.mime.HttpMultipartMode: org.apache.http.entity.mime.HttpMultipartMode valueOf(java.lang.String)
com.dropbox.client2.android.AuthActivity
com.google.android.apps.analytics.AnalyticsReceiver