Backup My Apps/proguard/mapping.txt
com.halcyonwaves.apps.backupmyapps.BackupService -> com.halcyonwaves.apps.backupmyapps.BackupService:
    void onHandleIntent(android.content.Intent) -> onHandleIntent
com.halcyonwaves.apps.backupmyapps.IAsyncTaskFeedback -> com.halcyonwaves.apps.backupmyapps.h:
    void taskSuccessfull(java.lang.Object,java.lang.Object) -> a
    void taskFailed(java.lang.Object,java.lang.Object) -> b
com.halcyonwaves.apps.backupmyapps.MainActivity -> com.halcyonwaves.apps.backupmyapps.MainActivity:
    com.dropbox.client2.session.Session$AccessType DROPBOX_API_APP_ACCESS_TYPE -> a
    android.widget.Button buttonBackupInstalledApplications -> c
    android.widget.Button buttonRestoreInstalledApplications -> d
    android.widget.TextView textViewAdditionalInformation -> e
    android.app.Dialog dialogHelp -> f
    android.app.ProgressDialog backupProgressDialog -> g
    android.app.ProgressDialog uploadProgressDialog -> h
    java.io.File storagePath -> i
    android.content.SharedPreferences applicationPreferences -> j
    com.dropbox.client2.DropboxAPI dropboxDatabaseApi -> k
    com.google.android.apps.analytics.GoogleAnalyticsTracker analyticsTracker -> b
    android.app.Dialog onCreateDialog(int) -> onCreateDialog
    void onCreate(android.os.Bundle) -> onCreate
    boolean onOptionsItemSelected(android.view.MenuItem) -> onOptionsItemSelected
    void onDestroy() -> onDestroy
    boolean onCreateOptionsMenu(android.view.Menu) -> onCreateOptionsMenu
    void taskSuccessfull(java.lang.Object,java.lang.Object) -> a
    void taskFailed(java.lang.Object,java.lang.Object) -> b
    void access$0(com.halcyonwaves.apps.backupmyapps.MainActivity,android.app.ProgressDialog) -> a
    java.io.File access$1(com.halcyonwaves.apps.backupmyapps.MainActivity) -> a
com.halcyonwaves.apps.backupmyapps.MainActivity$1 -> com.halcyonwaves.apps.backupmyapps.b:
    com.halcyonwaves.apps.backupmyapps.MainActivity this$0 -> a
    void onClick(android.view.View) -> onClick
com.halcyonwaves.apps.backupmyapps.MainActivity$2 -> com.halcyonwaves.apps.backupmyapps.a:
    com.halcyonwaves.apps.backupmyapps.MainActivity this$0 -> a
    void onClick(android.view.View) -> onClick
com.halcyonwaves.apps.backupmyapps.MainActivity$3 -> com.halcyonwaves.apps.backupmyapps.f:
    com.halcyonwaves.apps.backupmyapps.MainActivity this$0 -> a
    void onClick(android.view.View) -> onClick
com.halcyonwaves.apps.backupmyapps.MainActivity$4 -> com.halcyonwaves.apps.backupmyapps.e:
    com.halcyonwaves.apps.backupmyapps.MainActivity this$0 -> a
    void onClick(android.content.DialogInterface,int) -> onClick
com.halcyonwaves.apps.backupmyapps.MainActivity$5 -> com.halcyonwaves.apps.backupmyapps.d:
    com.halcyonwaves.apps.backupmyapps.MainActivity this$0 -> a
    void onClick(android.content.DialogInterface,int) -> onClick
com.halcyonwaves.apps.backupmyapps.MainActivity$6 -> com.halcyonwaves.apps.backupmyapps.c:
    com.halcyonwaves.apps.backupmyapps.MainActivity this$0 -> a
    void onClick(android.content.DialogInterface,int) -> onClick
com.halcyonwaves.apps.backupmyapps.MainActivity$7 -> com.halcyonwaves.apps.backupmyapps.g:
    com.halcyonwaves.apps.backupmyapps.MainActivity this$0 -> a
    void onClick(android.content.DialogInterface,int) -> onClick
com.halcyonwaves.apps.backupmyapps.RestoreSelectFileActivity -> com.halcyonwaves.apps.backupmyapps.RestoreSelectFileActivity:
    java.lang.String[] foundFilePathsArray -> a
    android.app.ProgressDialog restoreProgressDialog -> b
    android.app.ProgressDialog downloadFileProgressDialog -> c
    android.content.SharedPreferences applicationPreferences -> d
    com.dropbox.client2.DropboxAPI dropboxDatabaseApi -> e
    void onCreate(android.os.Bundle) -> onCreate
    void onListItemClick(android.widget.ListView,android.view.View,int,long) -> onListItemClick
    void taskSuccessfull(java.lang.Object,java.lang.Object) -> a
    void taskFailed(java.lang.Object,java.lang.Object) -> b
...
com.dropbox.client2.DropboxAPI -> com.dropbox.client2.a:
    com.dropbox.client2.session.Session session -> a
    com.dropbox.client2.session.Session getSession() -> a
    com.dropbox.client2.DropboxAPI$DropboxFileInfo getFile(java.lang.String,java.lang.String,java.io.OutputStream,com.dropbox.client2.ProgressListener) -> a
    com.dropbox.client2.DropboxAPI$DropboxInputStream getFileStream(java.lang.String,java.lang.String) -> a
    com.dropbox.client2.DropboxAPI$Entry putFileOverwrite(java.lang.String,java.io.InputStream,long,com.dropbox.client2.ProgressListener) -> a
    com.dropbox.client2.DropboxAPI$UploadRequest putFileOverwriteRequest(java.lang.String,java.io.InputStream,long,com.dropbox.client2.ProgressListener) -> b
    com.dropbox.client2.DropboxAPI$Entry metadata(java.lang.String,int,java.lang.String,boolean,java.lang.String) -> a
    void assertAuthenticated() -> b
    long getFromMapAsLong(java.util.Map,java.lang.String) -> a
    boolean getFromMapAsBoolean(java.util.Map,java.lang.String) -> b
    com.dropbox.client2.DropboxAPI$UploadRequest putFileRequest(java.lang.String,java.io.InputStream,long,boolean,java.lang.String,com.dropbox.client2.ProgressListener) -> a
com.dropbox.client2.DropboxAPI$1 -> com.dropbox.client2.g:
com.dropbox.client2.DropboxAPI$DropboxFileInfo -> com.dropbox.client2.j:
    java.lang.String mimeType -> a
    long length -> b
    java.lang.String charset -> c
    long getContentLength() -> a
    long access$100(com.dropbox.client2.DropboxAPI$DropboxFileInfo) -> a
com.dropbox.client2.DropboxAPI$DropboxInputStream -> com.dropbox.client2.k:
    org.apache.http.client.methods.HttpUriRequest request -> a
    com.dropbox.client2.DropboxAPI$DropboxFileInfo info -> b
    void close() -> close
    com.dropbox.client2.DropboxAPI$DropboxFileInfo getFileInfo() -> a
    void copyStreamToOutput(java.io.OutputStream,com.dropbox.client2.ProgressListener) -> a
com.dropbox.client2.DropboxAPI$Entry -> com.dropbox.client2.d:
    long bytes -> a
    java.lang.String hash -> b
    java.lang.String icon -> c
    boolean isDir -> d
    java.lang.String modified -> e
    java.lang.String path -> f
    java.lang.String root -> g
    java.lang.String size -> h
    java.lang.String mimeType -> i
    java.lang.String rev -> j
    boolean thumbExists -> k
    boolean isDeleted -> l
    java.util.List contents -> m
com.dropbox.client2.DropboxAPI$RequestAndResponse -> com.dropbox.client2.f:
    org.apache.http.client.methods.HttpUriRequest request -> a
    org.apache.http.HttpResponse response -> b
com.dropbox.client2.DropboxAPI$UploadRequest -> com.dropbox.client2.b:
    org.apache.http.client.methods.HttpUriRequest request -> a
    com.dropbox.client2.session.Session session -> b
    com.dropbox.client2.DropboxAPI$Entry upload() -> a
com.dropbox.client2.ProgressListener -> com.dropbox.client2.i:
    void onProgress(long,long) -> a
    long progressInterval() -> a
com.dropbox.client2.ProgressListener$ProgressHttpEntity -> com.dropbox.client2.h:
    com.dropbox.client2.ProgressListener listener -> a
    long length -> b
    void writeTo(java.io.OutputStream) -> writeTo
    com.dropbox.client2.ProgressListener access$000(com.dropbox.client2.ProgressListener$ProgressHttpEntity) -> a
    long access$100(com.dropbox.client2.ProgressListener$ProgressHttpEntity) -> b
com.dropbox.client2.ProgressListener$ProgressHttpEntity$CountingOutputStream -> com.dropbox.client2.c:
    long lastListened -> b
    long intervalMs -> c
    long transferred -> d
    com.dropbox.client2.ProgressListener$ProgressHttpEntity this$0 -> a
    void write(byte[],int,int) -> write
    void write(int) -> write