Backup My Apps/proguard/usage.txt
com.halcyonwaves.apps.backupmyapps.MainActivity:
    public static final java.lang.String DROPBOX_API_APP_KEY
    public static final java.lang.String DROPBOX_API_APP_SECRET
    private static final java.lang.String BACKUP_FILENAME
    private static final java.lang.String PREFERENCES_LAST_WHATSNEW_DIALOG
    private static final int DIALOG_WHATSNEW
com.halcyonwaves.apps.backupmyapps.R
com.halcyonwaves.apps.backupmyapps.R$attr
com.halcyonwaves.apps.backupmyapps.R$drawable
com.halcyonwaves.apps.backupmyapps.R$id
com.halcyonwaves.apps.backupmyapps.R$layout
com.halcyonwaves.apps.backupmyapps.R$menu
com.halcyonwaves.apps.backupmyapps.R$string
com.halcyonwaves.apps.backupmyapps.R$xml
com.halcyonwaves.apps.backupmyapps.SettingsActivity:
    public static final java.lang.String PREFERENCE_SYNCHRONIZATION_DROPBOX_ACCESS_KEY
    public static final java.lang.String PREFERENCE_SYNCHRONIZATION_DROPBOX_ACCESS_SECRET
com.halcyonwaves.apps.backupmyapps.packages.PackageInformation:
    106:107:public void logPackage()
com.halcyonwaves.apps.backupmyapps.tasks.RestoreBackupDataTask:
    52:56:public RestoreBackupDataTask(java.io.File,java.lang.String,com.halcyonwaves.apps.backupmyapps.IAsyncTaskFeedback)
com.halcyonwaves.apps.backupmyapps.utils.Base64:
    150:192:public static final byte[] decode(char[])
    207:257:public static final byte[] decodeFast(char[])
    274:314:public static final byte[] encodeToByte(byte[],boolean)
    326:368:public static final byte[] decode(byte[])
    384:434:public static final byte[] decodeFast(byte[])
    465:508:public static final byte[] decode(java.lang.String)
    523:573:public static final byte[] decodeFast(java.lang.String)
...
com.dropbox.client2.exception.DropboxSSLException:
    private static final long serialVersionUID
com.dropbox.client2.exception.DropboxServerException:
    public static final int _200_OK
    public static final int _302_FOUND
    public static final int _304_NOT_MODIFIED
    public static final int _400_BAD_REQUEST
    public static final int _401_UNAUTHORIZED
    public static final int _403_FORBIDDEN
    public static final int _404_NOT_FOUND
    public static final int _405_METHOD_NOT_ALLOWED
    public static final int _406_NOT_ACCEPTABLE
    public static final int _409_CONFLICT
    public static final int _411_LENGTH_REQUIRED
    public static final int _415_UNSUPPORTED_MEDIA
    public static final int _500_INTERNAL_SERVER_ERROR
    public static final int _501_NOT_IMPLEMENTED
    public static final int _502_BAD_GATEWAY
    public static final int _503_SERVICE_UNAVAILABLE
    public static final int _507_INSUFFICIENT_STORAGE
    private static final long serialVersionUID
    public boolean isDuplicateAccount()
com.dropbox.client2.exception.DropboxUnlinkedException:
    private static final long serialVersionUID
com.dropbox.client2.session.AbstractSession:
    private static final java.lang.String API_SERVER
    private static final java.lang.String CONTENT_SERVER
    private static final java.lang.String WEB_SERVER
    private static final int KEEP_ALIVE_DURATION_SECS
    private static final int KEEP_ALIVE_MONITOR_INTERVAL_SECS
    private static final int DEFAULT_TIMEOUT_MILLIS
    public void unlink()
    public java.lang.String getWebServer()
com.dropbox.client2.session.AccessTokenPair:
    private static final long serialVersionUID
com.dropbox.client2.session.RequestTokenPair
com.dropbox.client2.session.Session:
    public abstract com.dropbox.client2.session.AppKeyPair getAppKeyPair()
    public abstract com.dropbox.client2.session.AccessTokenPair getAccessTokenPair()
    public abstract void unlink()
    public abstract java.lang.String getWebServer()
com.dropbox.client2.session.Session$ProxyInfo:
    public Session$ProxyInfo(java.lang.String,int)
    public Session$ProxyInfo(java.lang.String)
com.dropbox.client2.session.WebAuthSession
com.dropbox.client2.session.WebAuthSession$1
com.dropbox.client2.session.WebAuthSession$WebAuthInfo
com.google.android.apps.analytics.AnalyticsReceiver:
    static final java.lang.String INSTALL_ACTION
    static final java.lang.String REFERRER_KEY
com.google.android.apps.analytics.CustomVariable:
    public static final int MAX_CUSTOM_VARIABLES
    public static final java.lang.String INDEX_ERROR_MSG
    public static final int VISITOR_SCOPE
    public static final int SESSION_SCOPE
    public static final int PAGE_SCOPE
    public static final int MAX_CUSTOM_VARIABLE_LENGTH
    public CustomVariable(int,java.lang.String,java.lang.String)
com.google.android.apps.analytics.Dispatcher:
    public abstract boolean isDryRun()
com.google.android.apps.analytics.Event:
    static final java.lang.String PAGEVIEW_EVENT_CATEGORY
    static final java.lang.String INSTALL_EVENT_CATEGORY
    static final java.lang.String TRANSACTION_CATEGORY
    static final java.lang.String ITEM_CATEGORY